<?xml version="1.0" encoding="UTF-8"?>
<testng-results skipped="0" failed="0" total="1" passed="1">
  <reporter-output>
  </reporter-output>
  <suite name="Default suite" duration-ms="49327" started-at="2018-12-23T13:40:52Z" finished-at="2018-12-23T13:41:41Z">
    <groups>
      <group name="cucumber">
        <method signature="AbstractTestNGCucumberTests.feature(cucumber.api.testng.CucumberFeatureWrapper)[pri:0, instance:com.qa.runner.TestRunner@1f36e637]" name="feature" class="cucumber.api.testng.AbstractTestNGCucumberTests"/>
      </group> <!-- cucumber -->
    </groups>
    <test name="Default test" duration-ms="49327" started-at="2018-12-23T13:40:52Z" finished-at="2018-12-23T13:41:41Z">
      <class name="com.qa.runner.TestRunner">
        <test-method status="PASS" signature="BeforeSuite()[pri:0, instance:com.qa.runner.TestRunner@1f36e637]" name="BeforeSuite" is-config="true" duration-ms="498" started-at="2018-12-23T19:10:52Z" finished-at="2018-12-23T19:10:52Z">
          <reporter-output>
          </reporter-output>
        </test-method> <!-- BeforeSuite -->
        <test-method status="PASS" signature="BeforeTest()[pri:0, instance:com.qa.runner.TestRunner@1f36e637]" name="BeforeTest" is-config="true" duration-ms="1" started-at="2018-12-23T19:10:52Z" finished-at="2018-12-23T19:10:52Z">
          <reporter-output>
          </reporter-output>
        </test-method> <!-- BeforeTest -->
        <test-method status="PASS" signature="setUpClass()[pri:0, instance:com.qa.runner.TestRunner@1f36e637]" name="setUpClass" is-config="true" duration-ms="525" started-at="2018-12-23T19:10:52Z" finished-at="2018-12-23T19:10:53Z">
          <reporter-output>
          </reporter-output>
        </test-method> <!-- setUpClass -->
        <test-method status="PASS" signature="BeforeClass()[pri:0, instance:com.qa.runner.TestRunner@1f36e637]" name="BeforeClass" is-config="true" duration-ms="15" started-at="2018-12-23T19:10:53Z" finished-at="2018-12-23T19:10:53Z">
          <reporter-output>
          </reporter-output>
        </test-method> <!-- BeforeClass -->
        <test-method status="PASS" signature="BeforeMethod(java.lang.reflect.Method)[pri:0, instance:com.qa.runner.TestRunner@1f36e637]" name="BeforeMethod" is-config="true" duration-ms="9762" started-at="2018-12-23T19:10:53Z" finished-at="2018-12-23T19:11:03Z">
          <params>
            <param index="0">
              <value>
                <![CDATA[public void cucumber.api.testng.AbstractTestNGCucumberTests.feature(cucumber.api.testng.CucumberFeatureWrapper)]]>
              </value>
            </param>
          </params>
          <reporter-output>
          </reporter-output>
        </test-method> <!-- BeforeMethod -->
        <test-method status="PASS" signature="feature(cucumber.api.testng.CucumberFeatureWrapper)[pri:0, instance:com.qa.runner.TestRunner@1f36e637]" name="feature" duration-ms="38735" started-at="2018-12-23T19:11:03Z" description="Runs Cucumber Feature" data-provider="features" finished-at="2018-12-23T19:11:41Z">
          <params>
            <param index="0">
              <value>
                <![CDATA[TC01_flightBooking]]>
              </value>
            </param>
          </params>
          <reporter-output>
          </reporter-output>
        </test-method> <!-- feature -->
        <test-method status="PASS" signature="AfterMethod(org.testng.ITestResult)[pri:0, instance:com.qa.runner.TestRunner@1f36e637]" name="AfterMethod" is-config="true" duration-ms="6" started-at="2018-12-23T19:11:41Z" finished-at="2018-12-23T19:11:41Z">
          <params>
            <param index="0">
              <value>
                <![CDATA[[TestResult name=feature status=SUCCESS method=AbstractTestNGCucumberTests.feature(cucumber.api.testng.CucumberFeatureWrapper)[pri:0, instance:com.qa.runner.TestRunner@1f36e637] output={null}]]]>
              </value>
            </param>
          </params>
          <reporter-output>
          </reporter-output>
        </test-method> <!-- AfterMethod -->
        <test-method status="PASS" signature="tearDownClass()[pri:0, instance:com.qa.runner.TestRunner@1f36e637]" name="tearDownClass" is-config="true" duration-ms="20" started-at="2018-12-23T19:11:41Z" finished-at="2018-12-23T19:11:41Z">
          <reporter-output>
          </reporter-output>
        </test-method> <!-- tearDownClass -->
        <test-method status="PASS" signature="AfterTest()[pri:0, instance:com.qa.runner.TestRunner@1f36e637]" name="AfterTest" is-config="true" duration-ms="5" started-at="2018-12-23T19:11:41Z" finished-at="2018-12-23T19:11:41Z">
          <reporter-output>
          </reporter-output>
        </test-method> <!-- AfterTest -->
        <test-method status="PASS" signature="afterSuite()[pri:0, instance:com.qa.runner.TestRunner@1f36e637]" name="afterSuite" is-config="true" duration-ms="7745" started-at="2018-12-23T19:11:41Z" finished-at="2018-12-23T19:11:49Z">
          <reporter-output>
          </reporter-output>
        </test-method> <!-- afterSuite -->
      </class> <!-- com.qa.runner.TestRunner -->
    </test> <!-- Default test -->
  </suite> <!-- Default suite -->
</testng-results>
